
> bonesy-portfolio@0.1.0 build
> next build

Γû▓ Next.js 16.2.1 (Turbopack)

  Creating an optimized production build ...
Γ£ô Compiled successfully in 2.3s
  Running TypeScript ...
  Finished TypeScript in 2.3s ...
  Collecting page data using 8 workers ...
  Generating static pages using 8 workers (0/5) ...
  Generating static pages using 8 workers (1/5) 
  Generating static pages using 8 workers (2/5) 
  Generating static pages using 8 workers (3/5) 
Γ£ô Generating static pages using 8 workers (5/5) in 563ms
  Finalizing page optimization ...

Route (app)
Γöî Γùï /
Γö£ Γùï /_not-found
Γö£ ╞Æ /(.)projects/[id]
Γö£ ╞Æ /api/contact
Γöö ╞Æ /projects/[id]


Γùï  (Static)   prerendered as static content
╞Æ  (Dynamic)  server-rendered on demand

